[19:17:20] [main/INFO]: Setting user: Gideonseymour
[19:17:22] [Client thread/INFO]: LWJGL Version: 2.9.1
[19:17:36] [Client thread/INFO]: Reloading ResourceManager: Default, FMLFileResourcePack:Forge Mod Loader, FMLFileResourcePack:Minecraft Forge, FMLFileResourcePack:Not Enough Items, FMLFileResourcePack:OpenEye, FMLFileResourcePack:Technomancy, FMLFileResourcePack:Mine & Blade Battlegear 2 - Bullseye, FMLFileResourcePack:ArmorStatusHUD, FMLFileResourcePack:DirectionHUD, FMLFileResourcePack:StatusEffectHUD, FMLFileResourcePack:Applied Energistics 2, FMLFileResourcePack:Blood Magic: Alchemical Wizardry, FMLFileResourcePack:BloodUtils, FMLFileResourcePack:BC Silicon, FMLFileResourcePack:BuildCraft, FMLFileResourcePack:BC Transport, FMLFileResourcePack:BC Builders, FMLFileResourcePack:BC Energy, FMLFileResourcePack:BC Factory, FMLFileResourcePack:Carpenter's Blocks, FMLFileResourcePack:CharacterOnGui, FMLFileResourcePack:CoFH Core, FMLFileResourcePack:Creepers Fire, FMLFileResourcePack:Deadly World, FMLFileResourcePack:Ender IO, FMLFileResourcePack:EnderStorage, FMLFileResourcePack:EnviroMine, FMLFileResourcePack:Forestry for Minecraft, FMLFileResourcePack:GenCreator, FMLFileResourcePack:GraveStone, FMLFileResourcePack:Hardcore Questing Mode, FMLFileResourcePack:Inventory Tweaks, FMLFileResourcePack:LaunchGUI, FMLFileResourcePack:Lore Expansion, FMLFileResourcePack:Mantle, FMLFileResourcePack:MineTweaker 3, FMLFileResourcePack:Mob Properties, FMLFileResourcePack:Natural Absorption, FMLFileResourcePack:NEI Addons, FMLFileResourcePack:NEI Addons: Botany, FMLFileResourcePack:NEI Addons: Forestry, FMLFileResourcePack:NEI Addons: Crafting Tables, FMLFileResourcePack:NEI Addons: Ex Nihilo, FMLFileResourcePack:NEI Plugins Unofficial, FMLFileResourcePack:OpenBlocks, FMLFileResourcePack:OpenMods, FMLFileResourcePack:OresPlus, FMLFileResourcePack:Railcraft, FMLFileResourcePack:Random Things, FMLFileResourcePack:Sanguimancy, FMLFileResourcePack:Special Mobs, FMLFileResourcePack:The Spice of Life, FMLFileResourcePack:Steve's Factory Manager, FMLFileResourcePack:Tinkers' Construct, FMLFileResourcePack:Vampire Money: Custom Mod, FMLFileResourcePack:Waila, FMLFileResourcePack:Waila Harvestability, FMLFileResourcePack:WaslieCore, FMLFileResourcePack:WTP, FMLFileResourcePack:Witchery, FMLFileResourcePack:bspkrsCore
[19:17:51] [Sound Library Loader/INFO]: Sound engine started
[19:17:51] [Client thread/ERROR]: Using missing texture, unable to load minecraft:textures/blocks/MISSING_ICON_BLOCK_202_alchemicCalcinator.png
java.io.FileNotFoundException: minecraft:textures/blocks/MISSING_ICON_BLOCK_202_alchemicCalcinator.png
	at net.minecraft.client.resources.FallbackResourceManager.func_110536_a(SourceFile:51) ~[bqq.class:?]
	at net.minecraft.client.resources.SimpleReloadableResourceManager.func_110536_a(SourceFile:55) ~[brg.class:?]
	at net.minecraft.client.renderer.texture.TextureMap.func_110571_b(TextureMap.java:125) [bpz.class:?]
	at net.minecraft.client.renderer.texture.TextureMap.func_110551_a(TextureMap.java:90) [bpz.class:?]
	at net.minecraft.client.renderer.texture.TextureManager.func_110579_a(SourceFile:72) [bqf.class:?]
	at net.minecraft.client.renderer.texture.TextureManager.func_110580_a(SourceFile:61) [bqf.class:?]
	at net.minecraft.client.renderer.texture.TextureManager.func_130088_a(SourceFile:52) [bqf.class:?]
	at net.minecraft.client.Minecraft.func_71384_a(Minecraft.java:537) [bao.class:?]
	at net.minecraft.client.Minecraft.func_99999_d(Minecraft.java:867) [bao.class:?]
	at net.minecraft.client.main.Main.main(SourceFile:148) [Main.class:?]
	at sun.reflect.NativeMethodAccessorImpl.invoke0(Native Method) ~[?:1.7.0_60]
	at sun.reflect.NativeMethodAccessorImpl.invoke(Unknown Source) ~[?:1.7.0_60]
	at sun.reflect.DelegatingMethodAccessorImpl.invoke(Unknown Source) ~[?:1.7.0_60]
	at java.lang.reflect.Method.invoke(Unknown Source) ~[?:1.7.0_60]
	at net.minecraft.launchwrapper.Launch.launch(Launch.java:135) [launchwrapper-1.11.jar:?]
	at net.minecraft.launchwrapper.Launch.main(Launch.java:28) [launchwrapper-1.11.jar:?]
	at sun.reflect.NativeMethodAccessorImpl.invoke0(Native Method) ~[?:1.7.0_60]
	at sun.reflect.NativeMethodAccessorImpl.invoke(Unknown Source) ~[?:1.7.0_60]
	at sun.reflect.DelegatingMethodAccessorImpl.invoke(Unknown Source) ~[?:1.7.0_60]
	at java.lang.reflect.Method.invoke(Unknown Source) ~[?:1.7.0_60]
	at org.multimc.onesix.OneSixLauncher.launchWithMainClass(OneSixLauncher.java:286) [NewLaunch.jar:?]
	at org.multimc.onesix.OneSixLauncher.launch(OneSixLauncher.java:376) [NewLaunch.jar:?]
	at org.multimc.EntryPoint.listen(EntryPoint.java:165) [NewLaunch.jar:?]
	at org.multimc.EntryPoint.main(EntryPoint.java:54) [NewLaunch.jar:?]
[19:17:51] [Client thread/ERROR]: Using missing texture, unable to load sanguimancy:textures/blocks/CrystallizedCorruption.png
java.io.FileNotFoundException: sanguimancy:textures/blocks/CrystallizedCorruption.png
	at net.minecraft.client.resources.FallbackResourceManager.func_110536_a(SourceFile:51) ~[bqq.class:?]
	at net.minecraft.client.resources.SimpleReloadableResourceManager.func_110536_a(SourceFile:55) ~[brg.class:?]
	at net.minecraft.client.renderer.texture.TextureMap.func_110571_b(TextureMap.java:125) [bpz.class:?]
	at net.minecraft.client.renderer.texture.TextureMap.func_110551_a(TextureMap.java:90) [bpz.class:?]
	at net.minecraft.client.renderer.texture.TextureManager.func_110579_a(SourceFile:72) [bqf.class:?]
	at net.minecraft.client.renderer.texture.TextureManager.func_110580_a(SourceFile:61) [bqf.class:?]
	at net.minecraft.client.renderer.texture.TextureManager.func_130088_a(SourceFile:52) [bqf.class:?]
	at net.minecraft.client.Minecraft.func_71384_a(Minecraft.java:537) [bao.class:?]
	at net.minecraft.client.Minecraft.func_99999_d(Minecraft.java:867) [bao.class:?]
	at net.minecraft.client.main.Main.main(SourceFile:148) [Main.class:?]
	at sun.reflect.NativeMethodAccessorImpl.invoke0(Native Method) ~[?:1.7.0_60]
	at sun.reflect.NativeMethodAccessorImpl.invoke(Unknown Source) ~[?:1.7.0_60]
	at sun.reflect.DelegatingMethodAccessorImpl.invoke(Unknown Source) ~[?:1.7.0_60]
	at java.lang.reflect.Method.invoke(Unknown Source) ~[?:1.7.0_60]
	at net.minecraft.launchwrapper.Launch.launch(Launch.java:135) [launchwrapper-1.11.jar:?]
	at net.minecraft.launchwrapper.Launch.main(Launch.java:28) [launchwrapper-1.11.jar:?]
	at sun.reflect.NativeMethodAccessorImpl.invoke0(Native Method) ~[?:1.7.0_60]
	at sun.reflect.NativeMethodAccessorImpl.invoke(Unknown Source) ~[?:1.7.0_60]
	at sun.reflect.DelegatingMethodAccessorImpl.invoke(Unknown Source) ~[?:1.7.0_60]
	at java.lang.reflect.Method.invoke(Unknown Source) ~[?:1.7.0_60]
	at org.multimc.onesix.OneSixLauncher.launchWithMainClass(OneSixLauncher.java:286) [NewLaunch.jar:?]
	at org.multimc.onesix.OneSixLauncher.launch(OneSixLauncher.java:376) [NewLaunch.jar:?]
	at org.multimc.EntryPoint.listen(EntryPoint.java:165) [NewLaunch.jar:?]
	at org.multimc.EntryPoint.main(EntryPoint.java:54) [NewLaunch.jar:?]
[19:17:51] [Client thread/ERROR]: Using missing texture, unable to load minecraft:textures/blocks/MISSING_ICON_BLOCK_197_blockSpellEffect.png
java.io.FileNotFoundException: minecraft:textures/blocks/MISSING_ICON_BLOCK_197_blockSpellEffect.png
	at net.minecraft.client.resources.FallbackResourceManager.func_110536_a(SourceFile:51) ~[bqq.class:?]
	at net.minecraft.client.resources.SimpleReloadableResourceManager.func_110536_a(SourceFile:55) ~[brg.class:?]
	at net.minecraft.client.renderer.texture.TextureMap.func_110571_b(TextureMap.java:125) [bpz.class:?]
	at net.minecraft.client.renderer.texture.TextureMap.func_110551_a(TextureMap.java:90) [bpz.class:?]
	at net.minecraft.client.renderer.texture.TextureManager.func_110579_a(SourceFile:72) [bqf.class:?]
	at net.minecraft.client.renderer.texture.TextureManager.func_110580_a(SourceFile:61) [bqf.class:?]
	at net.minecraft.client.renderer.texture.TextureManager.func_130088_a(SourceFile:52) [bqf.class:?]
	at net.minecraft.client.Minecraft.func_71384_a(Minecraft.java:537) [bao.class:?]
	at net.minecraft.client.Minecraft.func_99999_d(Minecraft.java:867) [bao.class:?]
	at net.minecraft.client.main.Main.main(SourceFile:148) [Main.class:?]
	at sun.reflect.NativeMethodAccessorImpl.invoke0(Native Method) ~[?:1.7.0_60]
	at sun.reflect.NativeMethodAccessorImpl.invoke(Unknown Source) ~[?:1.7.0_60]
	at sun.reflect.DelegatingMethodAccessorImpl.invoke(Unknown Source) ~[?:1.7.0_60]
	at java.lang.reflect.Method.invoke(Unknown Source) ~[?:1.7.0_60]
	at net.minecraft.launchwrapper.Launch.launch(Launch.java:135) [launchwrapper-1.11.jar:?]
	at net.minecraft.launchwrapper.Launch.main(Launch.java:28) [launchwrapper-1.11.jar:?]
	at sun.reflect.NativeMethodAccessorImpl.invoke0(Native Method) ~[?:1.7.0_60]
	at sun.reflect.NativeMethodAccessorImpl.invoke(Unknown Source) ~[?:1.7.0_60]
	at sun.reflect.DelegatingMethodAccessorImpl.invoke(Unknown Source) ~[?:1.7.0_60]
	at java.lang.reflect.Method.invoke(Unknown Source) ~[?:1.7.0_60]
	at org.multimc.onesix.OneSixLauncher.launchWithMainClass(OneSixLauncher.java:286) [NewLaunch.jar:?]
	at org.multimc.onesix.OneSixLauncher.launch(OneSixLauncher.java:376) [NewLaunch.jar:?]
	at org.multimc.EntryPoint.listen(EntryPoint.java:165) [NewLaunch.jar:?]
	at org.multimc.EntryPoint.main(EntryPoint.java:54) [NewLaunch.jar:?]
[19:17:52] [Client thread/ERROR]: Using missing texture, unable to load minecraft:textures/blocks/MISSING_ICON_BLOCK_200_schematicSaver.png
java.io.FileNotFoundException: minecraft:textures/blocks/MISSING_ICON_BLOCK_200_schematicSaver.png
	at net.minecraft.client.resources.FallbackResourceManager.func_110536_a(SourceFile:51) ~[bqq.class:?]
	at net.minecraft.client.resources.SimpleReloadableResourceManager.func_110536_a(SourceFile:55) ~[brg.class:?]
	at net.minecraft.client.renderer.texture.TextureMap.func_110571_b(TextureMap.java:125) [bpz.class:?]
	at net.minecraft.client.renderer.texture.TextureMap.func_110551_a(TextureMap.java:90) [bpz.class:?]
	at net.minecraft.client.renderer.texture.TextureManager.func_110579_a(SourceFile:72) [bqf.class:?]
	at net.minecraft.client.renderer.texture.TextureManager.func_110580_a(SourceFile:61) [bqf.class:?]
	at net.minecraft.client.renderer.texture.TextureManager.func_130088_a(SourceFile:52) [bqf.class:?]
	at net.minecraft.client.Minecraft.func_71384_a(Minecraft.java:537) [bao.class:?]
	at net.minecraft.client.Minecraft.func_99999_d(Minecraft.java:867) [bao.class:?]
	at net.minecraft.client.main.Main.main(SourceFile:148) [Main.class:?]
	at sun.reflect.NativeMethodAccessorImpl.invoke0(Native Method) ~[?:1.7.0_60]
	at sun.reflect.NativeMethodAccessorImpl.invoke(Unknown Source) ~[?:1.7.0_60]
	at sun.reflect.DelegatingMethodAccessorImpl.invoke(Unknown Source) ~[?:1.7.0_60]
	at java.lang.reflect.Method.invoke(Unknown Source) ~[?:1.7.0_60]
	at net.minecraft.launchwrapper.Launch.launch(Launch.java:135) [launchwrapper-1.11.jar:?]
	at net.minecraft.launchwrapper.Launch.main(Launch.java:28) [launchwrapper-1.11.jar:?]
	at sun.reflect.NativeMethodAccessorImpl.invoke0(Native Method) ~[?:1.7.0_60]
	at sun.reflect.NativeMethodAccessorImpl.invoke(Unknown Source) ~[?:1.7.0_60]
	at sun.reflect.DelegatingMethodAccessorImpl.invoke(Unknown Source) ~[?:1.7.0_60]
	at java.lang.reflect.Method.invoke(Unknown Source) ~[?:1.7.0_60]
	at org.multimc.onesix.OneSixLauncher.launchWithMainClass(OneSixLauncher.java:286) [NewLaunch.jar:?]
	at org.multimc.onesix.OneSixLauncher.launch(OneSixLauncher.java:376) [NewLaunch.jar:?]
	at org.multimc.EntryPoint.listen(EntryPoint.java:165) [NewLaunch.jar:?]
	at org.multimc.EntryPoint.main(EntryPoint.java:54) [NewLaunch.jar:?]
[19:17:52] [Client thread/ERROR]: Using missing texture, unable to load minecraft:textures/blocks/MISSING_ICON_BLOCK_196_blockSpellModifier.png
java.io.FileNotFoundException: minecraft:textures/blocks/MISSING_ICON_BLOCK_196_blockSpellModifier.png
	at net.minecraft.client.resources.FallbackResourceManager.func_110536_a(SourceFile:51) ~[bqq.class:?]
	at net.minecraft.client.resources.SimpleReloadableResourceManager.func_110536_a(SourceFile:55) ~[brg.class:?]
	at net.minecraft.client.renderer.texture.TextureMap.func_110571_b(TextureMap.java:125) [bpz.class:?]
	at net.minecraft.client.renderer.texture.TextureMap.func_110551_a(TextureMap.java:90) [bpz.class:?]
	at net.minecraft.client.renderer.texture.TextureManager.func_110579_a(SourceFile:72) [bqf.class:?]
	at net.minecraft.client.renderer.texture.TextureManager.func_110580_a(SourceFile:61) [bqf.class:?]
	at net.minecraft.client.renderer.texture.TextureManager.func_130088_a(SourceFile:52) [bqf.class:?]
	at net.minecraft.client.Minecraft.func_71384_a(Minecraft.java:537) [bao.class:?]
	at net.minecraft.client.Minecraft.func_99999_d(Minecraft.java:867) [bao.class:?]
	at net.minecraft.client.main.Main.main(SourceFile:148) [Main.class:?]
	at sun.reflect.NativeMethodAccessorImpl.invoke0(Native Method) ~[?:1.7.0_60]
	at sun.reflect.NativeMethodAccessorImpl.invoke(Unknown Source) ~[?:1.7.0_60]
	at sun.reflect.DelegatingMethodAccessorImpl.invoke(Unknown Source) ~[?:1.7.0_60]
	at java.lang.reflect.Method.invoke(Unknown Source) ~[?:1.7.0_60]
	at net.minecraft.launchwrapper.Launch.launch(Launch.java:135) [launchwrapper-1.11.jar:?]
	at net.minecraft.launchwrapper.Launch.main(Launch.java:28) [launchwrapper-1.11.jar:?]
	at sun.reflect.NativeMethodAccessorImpl.invoke0(Native Method) ~[?:1.7.0_60]
	at sun.reflect.NativeMethodAccessorImpl.invoke(Unknown Source) ~[?:1.7.0_60]
	at sun.reflect.DelegatingMethodAccessorImpl.invoke(Unknown Source) ~[?:1.7.0_60]
	at java.lang.reflect.Method.invoke(Unknown Source) ~[?:1.7.0_60]
	at org.multimc.onesix.OneSixLauncher.launchWithMainClass(OneSixLauncher.java:286) [NewLaunch.jar:?]
	at org.multimc.onesix.OneSixLauncher.launch(OneSixLauncher.java:376) [NewLaunch.jar:?]
	at org.multimc.EntryPoint.listen(EntryPoint.java:165) [NewLaunch.jar:?]
	at org.multimc.EntryPoint.main(EntryPoint.java:54) [NewLaunch.jar:?]
[19:17:52] [Client thread/ERROR]: Using missing texture, unable to load minecraft:textures/blocks/MISSING_ICON_BLOCK_194_blockSpellParadigm.png
java.io.FileNotFoundException: minecraft:textures/blocks/MISSING_ICON_BLOCK_194_blockSpellParadigm.png
	at net.minecraft.client.resources.FallbackResourceManager.func_110536_a(SourceFile:51) ~[bqq.class:?]
	at net.minecraft.client.resources.SimpleReloadableResourceManager.func_110536_a(SourceFile:55) ~[brg.class:?]
	at net.minecraft.client.renderer.texture.TextureMap.func_110571_b(TextureMap.java:125) [bpz.class:?]
	at net.minecraft.client.renderer.texture.TextureMap.func_110551_a(TextureMap.java:90) [bpz.class:?]
	at net.minecraft.client.renderer.texture.TextureManager.func_110579_a(SourceFile:72) [bqf.class:?]
	at net.minecraft.client.renderer.texture.TextureManager.func_110580_a(SourceFile:61) [bqf.class:?]
	at net.minecraft.client.renderer.texture.TextureManager.func_130088_a(SourceFile:52) [bqf.class:?]
	at net.minecraft.client.Minecraft.func_71384_a(Minecraft.java:537) [bao.class:?]
	at net.minecraft.client.Minecraft.func_99999_d(Minecraft.java:867) [bao.class:?]
	at net.minecraft.client.main.Main.main(SourceFile:148) [Main.class:?]
	at sun.reflect.NativeMethodAccessorImpl.invoke0(Native Method) ~[?:1.7.0_60]
	at sun.reflect.NativeMethodAccessorImpl.invoke(Unknown Source) ~[?:1.7.0_60]
	at sun.reflect.DelegatingMethodAccessorImpl.invoke(Unknown Source) ~[?:1.7.0_60]
	at java.lang.reflect.Method.invoke(Unknown Source) ~[?:1.7.0_60]
	at net.minecraft.launchwrapper.Launch.launch(Launch.java:135) [launchwrapper-1.11.jar:?]
	at net.minecraft.launchwrapper.Launch.main(Launch.java:28) [launchwrapper-1.11.jar:?]
	at sun.reflect.NativeMethodAccessorImpl.invoke0(Native Method) ~[?:1.7.0_60]
	at sun.reflect.NativeMethodAccessorImpl.invoke(Unknown Source) ~[?:1.7.0_60]
	at sun.reflect.DelegatingMethodAccessorImpl.invoke(Unknown Source) ~[?:1.7.0_60]
	at java.lang.reflect.Method.invoke(Unknown Source) ~[?:1.7.0_60]
	at org.multimc.onesix.OneSixLauncher.launchWithMainClass(OneSixLauncher.java:286) [NewLaunch.jar:?]
	at org.multimc.onesix.OneSixLauncher.launch(OneSixLauncher.java:376) [NewLaunch.jar:?]
	at org.multimc.EntryPoint.listen(EntryPoint.java:165) [NewLaunch.jar:?]
	at org.multimc.EntryPoint.main(EntryPoint.java:54) [NewLaunch.jar:?]
[19:17:52] [Client thread/ERROR]: Using missing texture, unable to load minecraft:textures/blocks/MISSING_ICON_BLOCK_199_demonPortal.png
java.io.FileNotFoundException: minecraft:textures/blocks/MISSING_ICON_BLOCK_199_demonPortal.png
	at net.minecraft.client.resources.FallbackResourceManager.func_110536_a(SourceFile:51) ~[bqq.class:?]
	at net.minecraft.client.resources.SimpleReloadableResourceManager.func_110536_a(SourceFile:55) ~[brg.class:?]
	at net.minecraft.client.renderer.texture.TextureMap.func_110571_b(TextureMap.java:125) [bpz.class:?]
	at net.minecraft.client.renderer.texture.TextureMap.func_110551_a(TextureMap.java:90) [bpz.class:?]
	at net.minecraft.client.renderer.texture.TextureManager.func_110579_a(SourceFile:72) [bqf.class:?]
	at net.minecraft.client.renderer.texture.TextureManager.func_110580_a(SourceFile:61) [bqf.class:?]
	at net.minecraft.client.renderer.texture.TextureManager.func_130088_a(SourceFile:52) [bqf.class:?]
	at net.minecraft.client.Minecraft.func_71384_a(Minecraft.java:537) [bao.class:?]
	at net.minecraft.client.Minecraft.func_99999_d(Minecraft.java:867) [bao.class:?]
	at net.minecraft.client.main.Main.main(SourceFile:148) [Main.class:?]
	at sun.reflect.NativeMethodAccessorImpl.invoke0(Native Method) ~[?:1.7.0_60]
	at sun.reflect.NativeMethodAccessorImpl.invoke(Unknown Source) ~[?:1.7.0_60]
	at sun.reflect.DelegatingMethodAccessorImpl.invoke(Unknown Source) ~[?:1.7.0_60]
	at java.lang.reflect.Method.invoke(Unknown Source) ~[?:1.7.0_60]
	at net.minecraft.launchwrapper.Launch.launch(Launch.java:135) [launchwrapper-1.11.jar:?]
	at net.minecraft.launchwrapper.Launch.main(Launch.java:28) [launchwrapper-1.11.jar:?]
	at sun.reflect.NativeMethodAccessorImpl.invoke0(Native Method) ~[?:1.7.0_60]
	at sun.reflect.NativeMethodAccessorImpl.invoke(Unknown Source) ~[?:1.7.0_60]
	at sun.reflect.DelegatingMethodAccessorImpl.invoke(Unknown Source) ~[?:1.7.0_60]
	at java.lang.reflect.Method.invoke(Unknown Source) ~[?:1.7.0_60]
	at org.multimc.onesix.OneSixLauncher.launchWithMainClass(OneSixLauncher.java:286) [NewLaunch.jar:?]
	at org.multimc.onesix.OneSixLauncher.launch(OneSixLauncher.java:376) [NewLaunch.jar:?]
	at org.multimc.EntryPoint.listen(EntryPoint.java:165) [NewLaunch.jar:?]
	at org.multimc.EntryPoint.main(EntryPoint.java:54) [NewLaunch.jar:?]
[19:17:52] [Client thread/ERROR]: Using missing texture, unable to load oresplus:textures/blocks/machine_side.png
java.io.FileNotFoundException: oresplus:textures/blocks/machine_side.png
	at net.minecraft.client.resources.FallbackResourceManager.func_110536_a(SourceFile:51) ~[bqq.class:?]
	at net.minecraft.client.resources.SimpleReloadableResourceManager.func_110536_a(SourceFile:55) ~[brg.class:?]
	at net.minecraft.client.renderer.texture.TextureMap.func_110571_b(TextureMap.java:125) [bpz.class:?]
	at net.minecraft.client.renderer.texture.TextureMap.func_110551_a(TextureMap.java:90) [bpz.class:?]
	at net.minecraft.client.renderer.texture.TextureManager.func_110579_a(SourceFile:72) [bqf.class:?]
	at net.minecraft.client.renderer.texture.TextureManager.func_110580_a(SourceFile:61) [bqf.class:?]
	at net.minecraft.client.renderer.texture.TextureManager.func_130088_a(SourceFile:52) [bqf.class:?]
	at net.minecraft.client.Minecraft.func_71384_a(Minecraft.java:537) [bao.class:?]
	at net.minecraft.client.Minecraft.func_99999_d(Minecraft.java:867) [bao.class:?]
	at net.minecraft.client.main.Main.main(SourceFile:148) [Main.class:?]
	at sun.reflect.NativeMethodAccessorImpl.invoke0(Native Method) ~[?:1.7.0_60]
	at sun.reflect.NativeMethodAccessorImpl.invoke(Unknown Source) ~[?:1.7.0_60]
	at sun.reflect.DelegatingMethodAccessorImpl.invoke(Unknown Source) ~[?:1.7.0_60]
	at java.lang.reflect.Method.invoke(Unknown Source) ~[?:1.7.0_60]
	at net.minecraft.launchwrapper.Launch.launch(Launch.java:135) [launchwrapper-1.11.jar:?]
	at net.minecraft.launchwrapper.Launch.main(Launch.java:28) [launchwrapper-1.11.jar:?]
	at sun.reflect.NativeMethodAccessorImpl.invoke0(Native Method) ~[?:1.7.0_60]
	at sun.reflect.NativeMethodAccessorImpl.invoke(Unknown Source) ~[?:1.7.0_60]
	at sun.reflect.DelegatingMethodAccessorImpl.invoke(Unknown Source) ~[?:1.7.0_60]
	at java.lang.reflect.Method.invoke(Unknown Source) ~[?:1.7.0_60]
	at org.multimc.onesix.OneSixLauncher.launchWithMainClass(OneSixLauncher.java:286) [NewLaunch.jar:?]
	at org.multimc.onesix.OneSixLauncher.launch(OneSixLauncher.java:376) [NewLaunch.jar:?]
	at org.multimc.EntryPoint.listen(EntryPoint.java:165) [NewLaunch.jar:?]
	at org.multimc.EntryPoint.main(EntryPoint.java:54) [NewLaunch.jar:?]
[19:17:52] [Client thread/ERROR]: Using missing texture, unable to load minecraft:textures/blocks/MISSING_ICON_BLOCK_203_crystalBelljar.png
java.io.FileNotFoundException: minecraft:textures/blocks/MISSING_ICON_BLOCK_203_crystalBelljar.png
	at net.minecraft.client.resources.FallbackResourceManager.func_110536_a(SourceFile:51) ~[bqq.class:?]
	at net.minecraft.client.resources.SimpleReloadableResourceManager.func_110536_a(SourceFile:55) ~[brg.class:?]
	at net.minecraft.client.renderer.texture.TextureMap.func_110571_b(TextureMap.java:125) [bpz.class:?]
	at net.minecraft.client.renderer.texture.TextureMap.func_110551_a(TextureMap.java:90) [bpz.class:?]
	at net.minecraft.client.renderer.texture.TextureManager.func_110579_a(SourceFile:72) [bqf.class:?]
	at net.minecraft.client.renderer.texture.TextureManager.func_110580_a(SourceFile:61) [bqf.class:?]
	at net.minecraft.client.renderer.texture.TextureManager.func_130088_a(SourceFile:52) [bqf.class:?]
	at net.minecraft.client.Minecraft.func_71384_a(Minecraft.java:537) [bao.class:?]
	at net.minecraft.client.Minecraft.func_99999_d(Minecraft.java:867) [bao.class:?]
	at net.minecraft.client.main.Main.main(SourceFile:148) [Main.class:?]
	at sun.reflect.NativeMethodAccessorImpl.invoke0(Native Method) ~[?:1.7.0_60]
	at sun.reflect.NativeMethodAccessorImpl.invoke(Unknown Source) ~[?:1.7.0_60]
	at sun.reflect.DelegatingMethodAccessorImpl.invoke(Unknown Source) ~[?:1.7.0_60]
	at java.lang.reflect.Method.invoke(Unknown Source) ~[?:1.7.0_60]
	at net.minecraft.launchwrapper.Launch.launch(Launch.java:135) [launchwrapper-1.11.jar:?]
	at net.minecraft.launchwrapper.Launch.main(Launch.java:28) [launchwrapper-1.11.jar:?]
	at sun.reflect.NativeMethodAccessorImpl.invoke0(Native Method) ~[?:1.7.0_60]
	at sun.reflect.NativeMethodAccessorImpl.invoke(Unknown Source) ~[?:1.7.0_60]
	at sun.reflect.DelegatingMethodAccessorImpl.invoke(Unknown Source) ~[?:1.7.0_60]
	at java.lang.reflect.Method.invoke(Unknown Source) ~[?:1.7.0_60]
	at org.multimc.onesix.OneSixLauncher.launchWithMainClass(OneSixLauncher.java:286) [NewLaunch.jar:?]
	at org.multimc.onesix.OneSixLauncher.launch(OneSixLauncher.java:376) [NewLaunch.jar:?]
	at org.multimc.EntryPoint.listen(EntryPoint.java:165) [NewLaunch.jar:?]
	at org.multimc.EntryPoint.main(EntryPoint.java:54) [NewLaunch.jar:?]
[19:17:52] [Client thread/ERROR]: Using missing texture, unable to load minecraft:textures/blocks/MISSING_ICON_BLOCK_195_blockSpellEnhancement.png
java.io.FileNotFoundException: minecraft:textures/blocks/MISSING_ICON_BLOCK_195_blockSpellEnhancement.png
	at net.minecraft.client.resources.FallbackResourceManager.func_110536_a(SourceFile:51) ~[bqq.class:?]
	at net.minecraft.client.resources.SimpleReloadableResourceManager.func_110536_a(SourceFile:55) ~[brg.class:?]
	at net.minecraft.client.renderer.texture.TextureMap.func_110571_b(TextureMap.java:125) [bpz.class:?]
	at net.minecraft.client.renderer.texture.TextureMap.func_110551_a(TextureMap.java:90) [bpz.class:?]
	at net.minecraft.client.renderer.texture.TextureManager.func_110579_a(SourceFile:72) [bqf.class:?]
	at net.minecraft.client.renderer.texture.TextureManager.func_110580_a(SourceFile:61) [bqf.class:?]
	at net.minecraft.client.renderer.texture.TextureManager.func_130088_a(SourceFile:52) [bqf.class:?]
	at net.minecraft.client.Minecraft.func_71384_a(Minecraft.java:537) [bao.class:?]
	at net.minecraft.client.Minecraft.func_99999_d(Minecraft.java:867) [bao.class:?]
	at net.minecraft.client.main.Main.main(SourceFile:148) [Main.class:?]
	at sun.reflect.NativeMethodAccessorImpl.invoke0(Native Method) ~[?:1.7.0_60]
	at sun.reflect.NativeMethodAccessorImpl.invoke(Unknown Source) ~[?:1.7.0_60]
	at sun.reflect.DelegatingMethodAccessorImpl.invoke(Unknown Source) ~[?:1.7.0_60]
	at java.lang.reflect.Method.invoke(Unknown Source) ~[?:1.7.0_60]
	at net.minecraft.launchwrapper.Launch.launch(Launch.java:135) [launchwrapper-1.11.jar:?]
	at net.minecraft.launchwrapper.Launch.main(Launch.java:28) [launchwrapper-1.11.jar:?]
	at sun.reflect.NativeMethodAccessorImpl.invoke0(Native Method) ~[?:1.7.0_60]
	at sun.reflect.NativeMethodAccessorImpl.invoke(Unknown Source) ~[?:1.7.0_60]
	at sun.reflect.DelegatingMethodAccessorImpl.invoke(Unknown Source) ~[?:1.7.0_60]
	at java.lang.reflect.Method.invoke(Unknown Source) ~[?:1.7.0_60]
	at org.multimc.onesix.OneSixLauncher.launchWithMainClass(OneSixLauncher.java:286) [NewLaunch.jar:?]
	at org.multimc.onesix.OneSixLauncher.launch(OneSixLauncher.java:376) [NewLaunch.jar:?]
	at org.multimc.EntryPoint.listen(EntryPoint.java:165) [NewLaunch.jar:?]
	at org.multimc.EntryPoint.main(EntryPoint.java:54) [NewLaunch.jar:?]
[19:17:53] [Client thread/ERROR]: Unable to parse metadata from sanguimancy:textures/blocks/AltarDiviner.png
java.lang.RuntimeException: broken aspect ratio and not an animation
	at net.minecraft.client.renderer.texture.TextureAtlasSprite.func_147964_a(TextureAtlasSprite.java:215) ~[bqd.class:?]
	at net.minecraft.client.renderer.texture.TextureMap.func_110571_b(TextureMap.java:169) [bpz.class:?]
	at net.minecraft.client.renderer.texture.TextureMap.func_110551_a(TextureMap.java:90) [bpz.class:?]
	at net.minecraft.client.renderer.texture.TextureManager.func_110579_a(SourceFile:72) [bqf.class:?]
	at net.minecraft.client.renderer.texture.TextureManager.func_110580_a(SourceFile:61) [bqf.class:?]
	at net.minecraft.client.renderer.texture.TextureManager.func_130088_a(SourceFile:52) [bqf.class:?]
	at net.minecraft.client.Minecraft.func_71384_a(Minecraft.java:537) [bao.class:?]
	at net.minecraft.client.Minecraft.func_99999_d(Minecraft.java:867) [bao.class:?]
	at net.minecraft.client.main.Main.main(SourceFile:148) [Main.class:?]
	at sun.reflect.NativeMethodAccessorImpl.invoke0(Native Method) ~[?:1.7.0_60]
	at sun.reflect.NativeMethodAccessorImpl.invoke(Unknown Source) ~[?:1.7.0_60]
	at sun.reflect.DelegatingMethodAccessorImpl.invoke(Unknown Source) ~[?:1.7.0_60]
	at java.lang.reflect.Method.invoke(Unknown Source) ~[?:1.7.0_60]
	at net.minecraft.launchwrapper.Launch.launch(Launch.java:135) [launchwrapper-1.11.jar:?]
	at net.minecraft.launchwrapper.Launch.main(Launch.java:28) [launchwrapper-1.11.jar:?]
	at sun.reflect.NativeMethodAccessorImpl.invoke0(Native Method) ~[?:1.7.0_60]
	at sun.reflect.NativeMethodAccessorImpl.invoke(Unknown Source) ~[?:1.7.0_60]
	at sun.reflect.DelegatingMethodAccessorImpl.invoke(Unknown Source) ~[?:1.7.0_60]
	at java.lang.reflect.Method.invoke(Unknown Source) ~[?:1.7.0_60]
	at org.multimc.onesix.OneSixLauncher.launchWithMainClass(OneSixLauncher.java:286) [NewLaunch.jar:?]
	at org.multimc.onesix.OneSixLauncher.launch(OneSixLauncher.java:376) [NewLaunch.jar:?]
	at org.multimc.EntryPoint.listen(EntryPoint.java:165) [NewLaunch.jar:?]
	at org.multimc.EntryPoint.main(EntryPoint.java:54) [NewLaunch.jar:?]
[19:17:55] [Client thread/INFO]: Created: 1024x1024 textures/blocks-atlas
[19:17:55] [Client thread/ERROR]: Using missing texture, unable to load enderio:textures/items/itemMEConduitDense.png
java.io.FileNotFoundException: enderio:textures/items/itemMEConduitDense.png
	at net.minecraft.client.resources.FallbackResourceManager.func_110536_a(SourceFile:51) ~[bqq.class:?]
	at net.minecraft.client.resources.SimpleReloadableResourceManager.func_110536_a(SourceFile:55) ~[brg.class:?]
	at net.minecraft.client.renderer.texture.TextureMap.func_110571_b(TextureMap.java:125) [bpz.class:?]
	at net.minecraft.client.renderer.texture.TextureMap.func_110551_a(TextureMap.java:90) [bpz.class:?]
	at net.minecraft.client.renderer.texture.TextureManager.func_110579_a(SourceFile:72) [bqf.class:?]
	at net.minecraft.client.renderer.texture.TextureManager.func_110580_a(SourceFile:61) [bqf.class:?]
	at net.minecraft.client.renderer.texture.TextureManager.func_130088_a(SourceFile:52) [bqf.class:?]
	at net.minecraft.client.Minecraft.func_71384_a(Minecraft.java:538) [bao.class:?]
	at net.minecraft.client.Minecraft.func_99999_d(Minecraft.java:867) [bao.class:?]
	at net.minecraft.client.main.Main.main(SourceFile:148) [Main.class:?]
	at sun.reflect.NativeMethodAccessorImpl.invoke0(Native Method) ~[?:1.7.0_60]
	at sun.reflect.NativeMethodAccessorImpl.invoke(Unknown Source) ~[?:1.7.0_60]
	at sun.reflect.DelegatingMethodAccessorImpl.invoke(Unknown Source) ~[?:1.7.0_60]
	at java.lang.reflect.Method.invoke(Unknown Source) ~[?:1.7.0_60]
	at net.minecraft.launchwrapper.Launch.launch(Launch.java:135) [launchwrapper-1.11.jar:?]
	at net.minecraft.launchwrapper.Launch.main(Launch.java:28) [launchwrapper-1.11.jar:?]
	at sun.reflect.NativeMethodAccessorImpl.invoke0(Native Method) ~[?:1.7.0_60]
	at sun.reflect.NativeMethodAccessorImpl.invoke(Unknown Source) ~[?:1.7.0_60]
	at sun.reflect.DelegatingMethodAccessorImpl.invoke(Unknown Source) ~[?:1.7.0_60]
	at java.lang.reflect.Method.invoke(Unknown Source) ~[?:1.7.0_60]
	at org.multimc.onesix.OneSixLauncher.launchWithMainClass(OneSixLauncher.java:286) [NewLaunch.jar:?]
	at org.multimc.onesix.OneSixLauncher.launch(OneSixLauncher.java:376) [NewLaunch.jar:?]
	at org.multimc.EntryPoint.listen(EntryPoint.java:165) [NewLaunch.jar:?]
	at org.multimc.EntryPoint.main(EntryPoint.java:54) [NewLaunch.jar:?]
[19:17:55] [Client thread/ERROR]: Using missing texture, unable to load alchemicalwizardry:textures/items/SigilOfTheFastMiner.png
java.io.FileNotFoundException: alchemicalwizardry:textures/items/SigilOfTheFastMiner.png
	at net.minecraft.client.resources.FallbackResourceManager.func_110536_a(SourceFile:51) ~[bqq.class:?]
	at net.minecraft.client.resources.SimpleReloadableResourceManager.func_110536_a(SourceFile:55) ~[brg.class:?]
	at net.minecraft.client.renderer.texture.TextureMap.func_110571_b(TextureMap.java:125) [bpz.class:?]
	at net.minecraft.client.renderer.texture.TextureMap.func_110551_a(TextureMap.java:90) [bpz.class:?]
	at net.minecraft.client.renderer.texture.TextureManager.func_110579_a(SourceFile:72) [bqf.class:?]
	at net.minecraft.client.renderer.texture.TextureManager.func_110580_a(SourceFile:61) [bqf.class:?]
	at net.minecraft.client.renderer.texture.TextureManager.func_130088_a(SourceFile:52) [bqf.class:?]
	at net.minecraft.client.Minecraft.func_71384_a(Minecraft.java:538) [bao.class:?]
	at net.minecraft.client.Minecraft.func_99999_d(Minecraft.java:867) [bao.class:?]
	at net.minecraft.client.main.Main.main(SourceFile:148) [Main.class:?]
	at sun.reflect.NativeMethodAccessorImpl.invoke0(Native Method) ~[?:1.7.0_60]
	at sun.reflect.NativeMethodAccessorImpl.invoke(Unknown Source) ~[?:1.7.0_60]
	at sun.reflect.DelegatingMethodAccessorImpl.invoke(Unknown Source) ~[?:1.7.0_60]
	at java.lang.reflect.Method.invoke(Unknown Source) ~[?:1.7.0_60]
	at net.minecraft.launchwrapper.Launch.launch(Launch.java:135) [launchwrapper-1.11.jar:?]
	at net.minecraft.launchwrapper.Launch.main(Launch.java:28) [launchwrapper-1.11.jar:?]
	at sun.reflect.NativeMethodAccessorImpl.invoke0(Native Method) ~[?:1.7.0_60]
	at sun.reflect.NativeMethodAccessorImpl.invoke(Unknown Source) ~[?:1.7.0_60]
	at sun.reflect.DelegatingMethodAccessorImpl.invoke(Unknown Source) ~[?:1.7.0_60]
	at java.lang.reflect.Method.invoke(Unknown Source) ~[?:1.7.0_60]
	at org.multimc.onesix.OneSixLauncher.launchWithMainClass(OneSixLauncher.java:286) [NewLaunch.jar:?]
	at org.multimc.onesix.OneSixLauncher.launch(OneSixLauncher.java:376) [NewLaunch.jar:?]
	at org.multimc.EntryPoint.listen(EntryPoint.java:165) [NewLaunch.jar:?]
	at org.multimc.EntryPoint.main(EntryPoint.java:54) [NewLaunch.jar:?]
[19:17:55] [Client thread/ERROR]: Using missing texture, unable to load alchemicalwizardry:textures/items/guide.png
java.io.FileNotFoundException: alchemicalwizardry:textures/items/guide.png
	at net.minecraft.client.resources.FallbackResourceManager.func_110536_a(SourceFile:51) ~[bqq.class:?]
	at net.minecraft.client.resources.SimpleReloadableResourceManager.func_110536_a(SourceFile:55) ~[brg.class:?]
	at net.minecraft.client.renderer.texture.TextureMap.func_110571_b(TextureMap.java:125) [bpz.class:?]
	at net.minecraft.client.renderer.texture.TextureMap.func_110551_a(TextureMap.java:90) [bpz.class:?]
	at net.minecraft.client.renderer.texture.TextureManager.func_110579_a(SourceFile:72) [bqf.class:?]
	at net.minecraft.client.renderer.texture.TextureManager.func_110580_a(SourceFile:61) [bqf.class:?]
	at net.minecraft.client.renderer.texture.TextureManager.func_130088_a(SourceFile:52) [bqf.class:?]
	at net.minecraft.client.Minecraft.func_71384_a(Minecraft.java:538) [bao.class:?]
	at net.minecraft.client.Minecraft.func_99999_d(Minecraft.java:867) [bao.class:?]
	at net.minecraft.client.main.Main.main(SourceFile:148) [Main.class:?]
	at sun.reflect.NativeMethodAccessorImpl.invoke0(Native Method) ~[?:1.7.0_60]
	at sun.reflect.NativeMethodAccessorImpl.invoke(Unknown Source) ~[?:1.7.0_60]
	at sun.reflect.DelegatingMethodAccessorImpl.invoke(Unknown Source) ~[?:1.7.0_60]
	at java.lang.reflect.Method.invoke(Unknown Source) ~[?:1.7.0_60]
	at net.minecraft.launchwrapper.Launch.launch(Launch.java:135) [launchwrapper-1.11.jar:?]
	at net.minecraft.launchwrapper.Launch.main(Launch.java:28) [launchwrapper-1.11.jar:?]
	at sun.reflect.NativeMethodAccessorImpl.invoke0(Native Method) ~[?:1.7.0_60]
	at sun.reflect.NativeMethodAccessorImpl.invoke(Unknown Source) ~[?:1.7.0_60]
	at sun.reflect.DelegatingMethodAccessorImpl.invoke(Unknown Source) ~[?:1.7.0_60]
	at java.lang.reflect.Method.invoke(Unknown Source) ~[?:1.7.0_60]
	at org.multimc.onesix.OneSixLauncher.launchWithMainClass(OneSixLauncher.java:286) [NewLaunch.jar:?]
	at org.multimc.onesix.OneSixLauncher.launch(OneSixLauncher.java:376) [NewLaunch.jar:?]
	at org.multimc.EntryPoint.listen(EntryPoint.java:165) [NewLaunch.jar:?]
	at org.multimc.EntryPoint.main(EntryPoint.java:54) [NewLaunch.jar:?]
[19:17:55] [Client thread/ERROR]: Using missing texture, unable to load randomthings:textures/items/ginto.png
java.io.FileNotFoundException: randomthings:textures/items/ginto.png
	at net.minecraft.client.resources.FallbackResourceManager.func_110536_a(SourceFile:51) ~[bqq.class:?]
	at net.minecraft.client.resources.SimpleReloadableResourceManager.func_110536_a(SourceFile:55) ~[brg.class:?]
	at net.minecraft.client.renderer.texture.TextureMap.func_110571_b(TextureMap.java:125) [bpz.class:?]
	at net.minecraft.client.renderer.texture.TextureMap.func_110551_a(TextureMap.java:90) [bpz.class:?]
	at net.minecraft.client.renderer.texture.TextureManager.func_110579_a(SourceFile:72) [bqf.class:?]
	at net.minecraft.client.renderer.texture.TextureManager.func_110580_a(SourceFile:61) [bqf.class:?]
	at net.minecraft.client.renderer.texture.TextureManager.func_130088_a(SourceFile:52) [bqf.class:?]
	at net.minecraft.client.Minecraft.func_71384_a(Minecraft.java:538) [bao.class:?]
	at net.minecraft.client.Minecraft.func_99999_d(Minecraft.java:867) [bao.class:?]
	at net.minecraft.client.main.Main.main(SourceFile:148) [Main.class:?]
	at sun.reflect.NativeMethodAccessorImpl.invoke0(Native Method) ~[?:1.7.0_60]
	at sun.reflect.NativeMethodAccessorImpl.invoke(Unknown Source) ~[?:1.7.0_60]
	at sun.reflect.DelegatingMethodAccessorImpl.invoke(Unknown Source) ~[?:1.7.0_60]
	at java.lang.reflect.Method.invoke(Unknown Source) ~[?:1.7.0_60]
	at net.minecraft.launchwrapper.Launch.launch(Launch.java:135) [launchwrapper-1.11.jar:?]
	at net.minecraft.launchwrapper.Launch.main(Launch.java:28) [launchwrapper-1.11.jar:?]
	at sun.reflect.NativeMethodAccessorImpl.invoke0(Native Method) ~[?:1.7.0_60]
	at sun.reflect.NativeMethodAccessorImpl.invoke(Unknown Source) ~[?:1.7.0_60]
	at sun.reflect.DelegatingMethodAccessorImpl.invoke(Unknown Source) ~[?:1.7.0_60]
	at java.lang.reflect.Method.invoke(Unknown Source) ~[?:1.7.0_60]
	at org.multimc.onesix.OneSixLauncher.launchWithMainClass(OneSixLauncher.java:286) [NewLaunch.jar:?]
	at org.multimc.onesix.OneSixLauncher.launch(OneSixLauncher.java:376) [NewLaunch.jar:?]
	at org.multimc.EntryPoint.listen(EntryPoint.java:165) [NewLaunch.jar:?]
	at org.multimc.EntryPoint.main(EntryPoint.java:54) [NewLaunch.jar:?]
[19:17:56] [Client thread/INFO]: Created: 1024x1024 textures/items-atlas
[19:18:05] [Client thread/INFO]: Reloading ResourceManager: Default, FMLFileResourcePack:Forge Mod Loader, FMLFileResourcePack:Minecraft Forge, FMLFileResourcePack:Not Enough Items, FMLFileResourcePack:OpenEye, FMLFileResourcePack:Technomancy, FMLFileResourcePack:Mine & Blade Battlegear 2 - Bullseye, FMLFileResourcePack:ArmorStatusHUD, FMLFileResourcePack:DirectionHUD, FMLFileResourcePack:StatusEffectHUD, FMLFileResourcePack:Applied Energistics 2, FMLFileResourcePack:Blood Magic: Alchemical Wizardry, FMLFileResourcePack:BloodUtils, FMLFileResourcePack:BC Silicon, FMLFileResourcePack:BuildCraft, FMLFileResourcePack:BC Transport, FMLFileResourcePack:BC Builders, FMLFileResourcePack:BC Energy, FMLFileResourcePack:BC Factory, FMLFileResourcePack:Carpenter's Blocks, FMLFileResourcePack:CharacterOnGui, FMLFileResourcePack:CoFH Core, FMLFileResourcePack:Creepers Fire, FMLFileResourcePack:Deadly World, FMLFileResourcePack:Ender IO, FMLFileResourcePack:EnderStorage, FMLFileResourcePack:EnviroMine, FMLFileResourcePack:Forestry for Minecraft, FMLFileResourcePack:GenCreator, FMLFileResourcePack:GraveStone, FMLFileResourcePack:Hardcore Questing Mode, FMLFileResourcePack:Inventory Tweaks, FMLFileResourcePack:LaunchGUI, FMLFileResourcePack:Lore Expansion, FMLFileResourcePack:Mantle, FMLFileResourcePack:MineTweaker 3, FMLFileResourcePack:Mob Properties, FMLFileResourcePack:Natural Absorption, FMLFileResourcePack:NEI Addons, FMLFileResourcePack:NEI Addons: Botany, FMLFileResourcePack:NEI Addons: Forestry, FMLFileResourcePack:NEI Addons: Crafting Tables, FMLFileResourcePack:NEI Addons: Ex Nihilo, FMLFileResourcePack:NEI Plugins Unofficial, FMLFileResourcePack:OpenBlocks, FMLFileResourcePack:OpenMods, FMLFileResourcePack:OresPlus, FMLFileResourcePack:Railcraft, FMLFileResourcePack:Random Things, FMLFileResourcePack:Sanguimancy, FMLFileResourcePack:Special Mobs, FMLFileResourcePack:The Spice of Life, FMLFileResourcePack:Steve's Factory Manager, FMLFileResourcePack:Tinkers' Construct, FMLFileResourcePack:Vampire Money: Custom Mod, FMLFileResourcePack:Waila, FMLFileResourcePack:Waila Harvestability, FMLFileResourcePack:WaslieCore, FMLFileResourcePack:WTP, FMLFileResourcePack:Witchery, FMLFileResourcePack:bspkrsCore, FMLFileResourcePack:Carpenter's Blocks Cached Resources
[19:18:06] [Client thread/ERROR]: Using missing texture, unable to load alchemicalwizardry:textures/items/SigilOfTheFastMiner.png
java.io.FileNotFoundException: alchemicalwizardry:textures/items/SigilOfTheFastMiner.png
	at net.minecraft.client.resources.FallbackResourceManager.func_110536_a(SourceFile:51) ~[bqq.class:?]
	at net.minecraft.client.resources.SimpleReloadableResourceManager.func_110536_a(SourceFile:55) ~[brg.class:?]
	at net.minecraft.client.renderer.texture.TextureMap.func_110571_b(TextureMap.java:125) [bpz.class:?]
	at net.minecraft.client.renderer.texture.TextureMap.func_110551_a(TextureMap.java:90) [bpz.class:?]
	at net.minecraft.client.renderer.texture.TextureManager.func_110579_a(SourceFile:72) [bqf.class:?]
	at net.minecraft.client.renderer.texture.TextureManager.func_110549_a(SourceFile:136) [bqf.class:?]
	at net.minecraft.client.resources.SimpleReloadableResourceManager.func_110544_b(SourceFile:104) [brg.class:?]
	at net.minecraft.client.resources.SimpleReloadableResourceManager.func_110541_a(SourceFile:92) [brg.class:?]
	at net.minecraft.client.Minecraft.func_110436_a(Minecraft.java:598) [bao.class:?]
	at cpw.mods.fml.client.FMLClientHandler.finishMinecraftLoading(FMLClientHandler.java:303) [FMLClientHandler.class:?]
	at net.minecraft.client.Minecraft.func_71384_a(Minecraft.java:541) [bao.class:?]
	at net.minecraft.client.Minecraft.func_99999_d(Minecraft.java:867) [bao.class:?]
	at net.minecraft.client.main.Main.main(SourceFile:148) [Main.class:?]
	at sun.reflect.NativeMethodAccessorImpl.invoke0(Native Method) ~[?:1.7.0_60]
	at sun.reflect.NativeMethodAccessorImpl.invoke(Unknown Source) ~[?:1.7.0_60]
	at sun.reflect.DelegatingMethodAccessorImpl.invoke(Unknown Source) ~[?:1.7.0_60]
	at java.lang.reflect.Method.invoke(Unknown Source) ~[?:1.7.0_60]
	at net.minecraft.launchwrapper.Launch.launch(Launch.java:135) [launchwrapper-1.11.jar:?]
	at net.minecraft.launchwrapper.Launch.main(Launch.java:28) [launchwrapper-1.11.jar:?]
	at sun.reflect.NativeMethodAccessorImpl.invoke0(Native Method) ~[?:1.7.0_60]
	at sun.reflect.NativeMethodAccessorImpl.invoke(Unknown Source) ~[?:1.7.0_60]
	at sun.reflect.DelegatingMethodAccessorImpl.invoke(Unknown Source) ~[?:1.7.0_60]
	at java.lang.reflect.Method.invoke(Unknown Source) ~[?:1.7.0_60]
	at org.multimc.onesix.OneSixLauncher.launchWithMainClass(OneSixLauncher.java:286) [NewLaunch.jar:?]
	at org.multimc.onesix.OneSixLauncher.launch(OneSixLauncher.java:376) [NewLaunch.jar:?]
	at org.multimc.EntryPoint.listen(EntryPoint.java:165) [NewLaunch.jar:?]
	at org.multimc.EntryPoint.main(EntryPoint.java:54) [NewLaunch.jar:?]
[19:18:06] [Client thread/ERROR]: Using missing texture, unable to load alchemicalwizardry:textures/items/guide.png
java.io.FileNotFoundException: alchemicalwizardry:textures/items/guide.png
	at net.minecraft.client.resources.FallbackResourceManager.func_110536_a(SourceFile:51) ~[bqq.class:?]
	at net.minecraft.client.resources.SimpleReloadableResourceManager.func_110536_a(SourceFile:55) ~[brg.class:?]
	at net.minecraft.client.renderer.texture.TextureMap.func_110571_b(TextureMap.java:125) [bpz.class:?]
	at net.minecraft.client.renderer.texture.TextureMap.func_110551_a(TextureMap.java:90) [bpz.class:?]
	at net.minecraft.client.renderer.texture.TextureManager.func_110579_a(SourceFile:72) [bqf.class:?]
	at net.minecraft.client.renderer.texture.TextureManager.func_110549_a(SourceFile:136) [bqf.class:?]
	at net.minecraft.client.resources.SimpleReloadableResourceManager.func_110544_b(SourceFile:104) [brg.class:?]
	at net.minecraft.client.resources.SimpleReloadableResourceManager.func_110541_a(SourceFile:92) [brg.class:?]
	at net.minecraft.client.Minecraft.func_110436_a(Minecraft.java:598) [bao.class:?]
	at cpw.mods.fml.client.FMLClientHandler.finishMinecraftLoading(FMLClientHandler.java:303) [FMLClientHandler.class:?]
	at net.minecraft.client.Minecraft.func_71384_a(Minecraft.java:541) [bao.class:?]
	at net.minecraft.client.Minecraft.func_99999_d(Minecraft.java:867) [bao.class:?]
	at net.minecraft.client.main.Main.main(SourceFile:148) [Main.class:?]
	at sun.reflect.NativeMethodAccessorImpl.invoke0(Native Method) ~[?:1.7.0_60]
	at sun.reflect.NativeMethodAccessorImpl.invoke(Unknown Source) ~[?:1.7.0_60]
	at sun.reflect.DelegatingMethodAccessorImpl.invoke(Unknown Source) ~[?:1.7.0_60]
	at java.lang.reflect.Method.invoke(Unknown Source) ~[?:1.7.0_60]
	at net.minecraft.launchwrapper.Launch.launch(Launch.java:135) [launchwrapper-1.11.jar:?]
	at net.minecraft.launchwrapper.Launch.main(Launch.java:28) [launchwrapper-1.11.jar:?]
	at sun.reflect.NativeMethodAccessorImpl.invoke0(Native Method) ~[?:1.7.0_60]
	at sun.reflect.NativeMethodAccessorImpl.invoke(Unknown Source) ~[?:1.7.0_60]
	at sun.reflect.DelegatingMethodAccessorImpl.invoke(Unknown Source) ~[?:1.7.0_60]
	at java.lang.reflect.Method.invoke(Unknown Source) ~[?:1.7.0_60]
	at org.multimc.onesix.OneSixLauncher.launchWithMainClass(OneSixLauncher.java:286) [NewLaunch.jar:?]
	at org.multimc.onesix.OneSixLauncher.launch(OneSixLauncher.java:376) [NewLaunch.jar:?]
	at org.multimc.EntryPoint.listen(EntryPoint.java:165) [NewLaunch.jar:?]
	at org.multimc.EntryPoint.main(EntryPoint.java:54) [NewLaunch.jar:?]
[19:18:06] [Client thread/ERROR]: Using missing texture, unable to load randomthings:textures/items/ginto.png
java.io.FileNotFoundException: randomthings:textures/items/ginto.png
	at net.minecraft.client.resources.FallbackResourceManager.func_110536_a(SourceFile:51) ~[bqq.class:?]
	at net.minecraft.client.resources.SimpleReloadableResourceManager.func_110536_a(SourceFile:55) ~[brg.class:?]
	at net.minecraft.client.renderer.texture.TextureMap.func_110571_b(TextureMap.java:125) [bpz.class:?]
	at net.minecraft.client.renderer.texture.TextureMap.func_110551_a(TextureMap.java:90) [bpz.class:?]
	at net.minecraft.client.renderer.texture.TextureManager.func_110579_a(SourceFile:72) [bqf.class:?]
	at net.minecraft.client.renderer.texture.TextureManager.func_110549_a(SourceFile:136) [bqf.class:?]
	at net.minecraft.client.resources.SimpleReloadableResourceManager.func_110544_b(SourceFile:104) [brg.class:?]
	at net.minecraft.client.resources.SimpleReloadableResourceManager.func_110541_a(SourceFile:92) [brg.class:?]
	at net.minecraft.client.Minecraft.func_110436_a(Minecraft.java:598) [bao.class:?]
	at cpw.mods.fml.client.FMLClientHandler.finishMinecraftLoading(FMLClientHandler.java:303) [FMLClientHandler.class:?]
	at net.minecraft.client.Minecraft.func_71384_a(Minecraft.java:541) [bao.class:?]
	at net.minecraft.client.Minecraft.func_99999_d(Minecraft.java:867) [bao.class:?]
	at net.minecraft.client.main.Main.main(SourceFile:148) [Main.class:?]
	at sun.reflect.NativeMethodAccessorImpl.invoke0(Native Method) ~[?:1.7.0_60]
	at sun.reflect.NativeMethodAccessorImpl.invoke(Unknown Source) ~[?:1.7.0_60]
	at sun.reflect.DelegatingMethodAccessorImpl.invoke(Unknown Source) ~[?:1.7.0_60]
	at java.lang.reflect.Method.invoke(Unknown Source) ~[?:1.7.0_60]
	at net.minecraft.launchwrapper.Launch.launch(Launch.java:135) [launchwrapper-1.11.jar:?]
	at net.minecraft.launchwrapper.Launch.main(Launch.java:28) [launchwrapper-1.11.jar:?]
	at sun.reflect.NativeMethodAccessorImpl.invoke0(Native Method) ~[?:1.7.0_60]
	at sun.reflect.NativeMethodAccessorImpl.invoke(Unknown Source) ~[?:1.7.0_60]
	at sun.reflect.DelegatingMethodAccessorImpl.invoke(Unknown Source) ~[?:1.7.0_60]
	at java.lang.reflect.Method.invoke(Unknown Source) ~[?:1.7.0_60]
	at org.multimc.onesix.OneSixLauncher.launchWithMainClass(OneSixLauncher.java:286) [NewLaunch.jar:?]
	at org.multimc.onesix.OneSixLauncher.launch(OneSixLauncher.java:376) [NewLaunch.jar:?]
	at org.multimc.EntryPoint.listen(EntryPoint.java:165) [NewLaunch.jar:?]
	at org.multimc.EntryPoint.main(EntryPoint.java:54) [NewLaunch.jar:?]
[19:18:06] [Client thread/ERROR]: Using missing texture, unable to load enderio:textures/items/itemMEConduitDense.png
java.io.FileNotFoundException: enderio:textures/items/itemMEConduitDense.png
	at net.minecraft.client.resources.FallbackResourceManager.func_110536_a(SourceFile:51) ~[bqq.class:?]
	at net.minecraft.client.resources.SimpleReloadableResourceManager.func_110536_a(SourceFile:55) ~[brg.class:?]
	at net.minecraft.client.renderer.texture.TextureMap.func_110571_b(TextureMap.java:125) [bpz.class:?]
	at net.minecraft.client.renderer.texture.TextureMap.func_110551_a(TextureMap.java:90) [bpz.class:?]
	at net.minecraft.client.renderer.texture.TextureManager.func_110579_a(SourceFile:72) [bqf.class:?]
	at net.minecraft.client.renderer.texture.TextureManager.func_110549_a(SourceFile:136) [bqf.class:?]
	at net.minecraft.client.resources.SimpleReloadableResourceManager.func_110544_b(SourceFile:104) [brg.class:?]
	at net.minecraft.client.resources.SimpleReloadableResourceManager.func_110541_a(SourceFile:92) [brg.class:?]
	at net.minecraft.client.Minecraft.func_110436_a(Minecraft.java:598) [bao.class:?]
	at cpw.mods.fml.client.FMLClientHandler.finishMinecraftLoading(FMLClientHandler.java:303) [FMLClientHandler.class:?]
	at net.minecraft.client.Minecraft.func_71384_a(Minecraft.java:541) [bao.class:?]
	at net.minecraft.client.Minecraft.func_99999_d(Minecraft.java:867) [bao.class:?]
	at net.minecraft.client.main.Main.main(SourceFile:148) [Main.class:?]
	at sun.reflect.NativeMethodAccessorImpl.invoke0(Native Method) ~[?:1.7.0_60]
	at sun.reflect.NativeMethodAccessorImpl.invoke(Unknown Source) ~[?:1.7.0_60]
	at sun.reflect.DelegatingMethodAccessorImpl.invoke(Unknown Source) ~[?:1.7.0_60]
	at java.lang.reflect.Method.invoke(Unknown Source) ~[?:1.7.0_60]
	at net.minecraft.launchwrapper.Launch.launch(Launch.java:135) [launchwrapper-1.11.jar:?]
	at net.minecraft.launchwrapper.Launch.main(Launch.java:28) [launchwrapper-1.11.jar:?]
	at sun.reflect.NativeMethodAccessorImpl.invoke0(Native Method) ~[?:1.7.0_60]
	at sun.reflect.NativeMethodAccessorImpl.invoke(Unknown Source) ~[?:1.7.0_60]
	at sun.reflect.DelegatingMethodAccessorImpl.invoke(Unknown Source) ~[?:1.7.0_60]
	at java.lang.reflect.Method.invoke(Unknown Source) ~[?:1.7.0_60]
	at org.multimc.onesix.OneSixLauncher.launchWithMainClass(OneSixLauncher.java:286) [NewLaunch.jar:?]
	at org.multimc.onesix.OneSixLauncher.launch(OneSixLauncher.java:376) [NewLaunch.jar:?]
	at org.multimc.EntryPoint.listen(EntryPoint.java:165) [NewLaunch.jar:?]
	at org.multimc.EntryPoint.main(EntryPoint.java:54) [NewLaunch.jar:?]
[19:18:07] [Client thread/INFO]: Created: 2048x1024 textures/items-atlas
[19:18:07] [Client thread/ERROR]: Using missing texture, unable to load minecraft:textures/blocks/MISSING_ICON_BLOCK_202_alchemicCalcinator.png
java.io.FileNotFoundException: minecraft:textures/blocks/MISSING_ICON_BLOCK_202_alchemicCalcinator.png
	at net.minecraft.client.resources.FallbackResourceManager.func_110536_a(SourceFile:51) ~[bqq.class:?]
	at net.minecraft.client.resources.SimpleReloadableResourceManager.func_110536_a(SourceFile:55) ~[brg.class:?]
	at net.minecraft.client.renderer.texture.TextureMap.func_110571_b(TextureMap.java:125) [bpz.class:?]
	at net.minecraft.client.renderer.texture.TextureMap.func_110551_a(TextureMap.java:90) [bpz.class:?]
	at net.minecraft.client.renderer.texture.TextureManager.func_110579_a(SourceFile:72) [bqf.class:?]
	at net.minecraft.client.renderer.texture.TextureManager.func_110549_a(SourceFile:136) [bqf.class:?]
	at net.minecraft.client.resources.SimpleReloadableResourceManager.func_110544_b(SourceFile:104) [brg.class:?]
	at net.minecraft.client.resources.SimpleReloadableResourceManager.func_110541_a(SourceFile:92) [brg.class:?]
	at net.minecraft.client.Minecraft.func_110436_a(Minecraft.java:598) [bao.class:?]
	at cpw.mods.fml.client.FMLClientHandler.finishMinecraftLoading(FMLClientHandler.java:303) [FMLClientHandler.class:?]
	at net.minecraft.client.Minecraft.func_71384_a(Minecraft.java:541) [bao.class:?]
	at net.minecraft.client.Minecraft.func_99999_d(Minecraft.java:867) [bao.class:?]
	at net.minecraft.client.main.Main.main(SourceFile:148) [Main.class:?]
	at sun.reflect.NativeMethodAccessorImpl.invoke0(Native Method) ~[?:1.7.0_60]
	at sun.reflect.NativeMethodAccessorImpl.invoke(Unknown Source) ~[?:1.7.0_60]
	at sun.reflect.DelegatingMethodAccessorImpl.invoke(Unknown Source) ~[?:1.7.0_60]
	at java.lang.reflect.Method.invoke(Unknown Source) ~[?:1.7.0_60]
	at net.minecraft.launchwrapper.Launch.launch(Launch.java:135) [launchwrapper-1.11.jar:?]
	at net.minecraft.launchwrapper.Launch.main(Launch.java:28) [launchwrapper-1.11.jar:?]
	at sun.reflect.NativeMethodAccessorImpl.invoke0(Native Method) ~[?:1.7.0_60]
	at sun.reflect.NativeMethodAccessorImpl.invoke(Unknown Source) ~[?:1.7.0_60]
	at sun.reflect.DelegatingMethodAccessorImpl.invoke(Unknown Source) ~[?:1.7.0_60]
	at java.lang.reflect.Method.invoke(Unknown Source) ~[?:1.7.0_60]
	at org.multimc.onesix.OneSixLauncher.launchWithMainClass(OneSixLauncher.java:286) [NewLaunch.jar:?]
	at org.multimc.onesix.OneSixLauncher.launch(OneSixLauncher.java:376) [NewLaunch.jar:?]
	at org.multimc.EntryPoint.listen(EntryPoint.java:165) [NewLaunch.jar:?]
	at org.multimc.EntryPoint.main(EntryPoint.java:54) [NewLaunch.jar:?]
[19:18:07] [Client thread/ERROR]: Using missing texture, unable to load sanguimancy:textures/blocks/CrystallizedCorruption.png
java.io.FileNotFoundException: sanguimancy:textures/blocks/CrystallizedCorruption.png
	at net.minecraft.client.resources.FallbackResourceManager.func_110536_a(SourceFile:51) ~[bqq.class:?]
	at net.minecraft.client.resources.SimpleReloadableResourceManager.func_110536_a(SourceFile:55) ~[brg.class:?]
	at net.minecraft.client.renderer.texture.TextureMap.func_110571_b(TextureMap.java:125) [bpz.class:?]
	at net.minecraft.client.renderer.texture.TextureMap.func_110551_a(TextureMap.java:90) [bpz.class:?]
	at net.minecraft.client.renderer.texture.TextureManager.func_110579_a(SourceFile:72) [bqf.class:?]
	at net.minecraft.client.renderer.texture.TextureManager.func_110549_a(SourceFile:136) [bqf.class:?]
	at net.minecraft.client.resources.SimpleReloadableResourceManager.func_110544_b(SourceFile:104) [brg.class:?]
	at net.minecraft.client.resources.SimpleReloadableResourceManager.func_110541_a(SourceFile:92) [brg.class:?]
	at net.minecraft.client.Minecraft.func_110436_a(Minecraft.java:598) [bao.class:?]
	at cpw.mods.fml.client.FMLClientHandler.finishMinecraftLoading(FMLClientHandler.java:303) [FMLClientHandler.class:?]
	at net.minecraft.client.Minecraft.func_71384_a(Minecraft.java:541) [bao.class:?]
	at net.minecraft.client.Minecraft.func_99999_d(Minecraft.java:867) [bao.class:?]
	at net.minecraft.client.main.Main.main(SourceFile:148) [Main.class:?]
	at sun.reflect.NativeMethodAccessorImpl.invoke0(Native Method) ~[?:1.7.0_60]
	at sun.reflect.NativeMethodAccessorImpl.invoke(Unknown Source) ~[?:1.7.0_60]
	at sun.reflect.DelegatingMethodAccessorImpl.invoke(Unknown Source) ~[?:1.7.0_60]
	at java.lang.reflect.Method.invoke(Unknown Source) ~[?:1.7.0_60]
	at net.minecraft.launchwrapper.Launch.launch(Launch.java:135) [launchwrapper-1.11.jar:?]
	at net.minecraft.launchwrapper.Launch.main(Launch.java:28) [launchwrapper-1.11.jar:?]
	at sun.reflect.NativeMethodAccessorImpl.invoke0(Native Method) ~[?:1.7.0_60]
	at sun.reflect.NativeMethodAccessorImpl.invoke(Unknown Source) ~[?:1.7.0_60]
	at sun.reflect.DelegatingMethodAccessorImpl.invoke(Unknown Source) ~[?:1.7.0_60]
	at java.lang.reflect.Method.invoke(Unknown Source) ~[?:1.7.0_60]
	at org.multimc.onesix.OneSixLauncher.launchWithMainClass(OneSixLauncher.java:286) [NewLaunch.jar:?]
	at org.multimc.onesix.OneSixLauncher.launch(OneSixLauncher.java:376) [NewLaunch.jar:?]
	at org.multimc.EntryPoint.listen(EntryPoint.java:165) [NewLaunch.jar:?]
	at org.multimc.EntryPoint.main(EntryPoint.java:54) [NewLaunch.jar:?]
[19:18:07] [Client thread/ERROR]: Using missing texture, unable to load minecraft:textures/blocks/MISSING_ICON_BLOCK_197_blockSpellEffect.png
java.io.FileNotFoundException: minecraft:textures/blocks/MISSING_ICON_BLOCK_197_blockSpellEffect.png
	at net.minecraft.client.resources.FallbackResourceManager.func_110536_a(SourceFile:51) ~[bqq.class:?]
	at net.minecraft.client.resources.SimpleReloadableResourceManager.func_110536_a(SourceFile:55) ~[brg.class:?]
	at net.minecraft.client.renderer.texture.TextureMap.func_110571_b(TextureMap.java:125) [bpz.class:?]
	at net.minecraft.client.renderer.texture.TextureMap.func_110551_a(TextureMap.java:90) [bpz.class:?]
	at net.minecraft.client.renderer.texture.TextureManager.func_110579_a(SourceFile:72) [bqf.class:?]
	at net.minecraft.client.renderer.texture.TextureManager.func_110549_a(SourceFile:136) [bqf.class:?]
	at net.minecraft.client.resources.SimpleReloadableResourceManager.func_110544_b(SourceFile:104) [brg.class:?]
	at net.minecraft.client.resources.SimpleReloadableResourceManager.func_110541_a(SourceFile:92) [brg.class:?]
	at net.minecraft.client.Minecraft.func_110436_a(Minecraft.java:598) [bao.class:?]
	at cpw.mods.fml.client.FMLClientHandler.finishMinecraftLoading(FMLClientHandler.java:303) [FMLClientHandler.class:?]
	at net.minecraft.client.Minecraft.func_71384_a(Minecraft.java:541) [bao.class:?]
	at net.minecraft.client.Minecraft.func_99999_d(Minecraft.java:867) [bao.class:?]
	at net.minecraft.client.main.Main.main(SourceFile:148) [Main.class:?]
	at sun.reflect.NativeMethodAccessorImpl.invoke0(Native Method) ~[?:1.7.0_60]
	at sun.reflect.NativeMethodAccessorImpl.invoke(Unknown Source) ~[?:1.7.0_60]
	at sun.reflect.DelegatingMethodAccessorImpl.invoke(Unknown Source) ~[?:1.7.0_60]
	at java.lang.reflect.Method.invoke(Unknown Source) ~[?:1.7.0_60]
	at net.minecraft.launchwrapper.Launch.launch(Launch.java:135) [launchwrapper-1.11.jar:?]
	at net.minecraft.launchwrapper.Launch.main(Launch.java:28) [launchwrapper-1.11.jar:?]
	at sun.reflect.NativeMethodAccessorImpl.invoke0(Native Method) ~[?:1.7.0_60]
	at sun.reflect.NativeMethodAccessorImpl.invoke(Unknown Source) ~[?:1.7.0_60]
	at sun.reflect.DelegatingMethodAccessorImpl.invoke(Unknown Source) ~[?:1.7.0_60]
	at java.lang.reflect.Method.invoke(Unknown Source) ~[?:1.7.0_60]
	at org.multimc.onesix.OneSixLauncher.launchWithMainClass(OneSixLauncher.java:286) [NewLaunch.jar:?]
	at org.multimc.onesix.OneSixLauncher.launch(OneSixLauncher.java:376) [NewLaunch.jar:?]
	at org.multimc.EntryPoint.listen(EntryPoint.java:165) [NewLaunch.jar:?]
	at org.multimc.EntryPoint.main(EntryPoint.java:54) [NewLaunch.jar:?]
[19:18:08] [Client thread/ERROR]: Using missing texture, unable to load minecraft:textures/blocks/MISSING_ICON_BLOCK_200_schematicSaver.png
java.io.FileNotFoundException: minecraft:textures/blocks/MISSING_ICON_BLOCK_200_schematicSaver.png
	at net.minecraft.client.resources.FallbackResourceManager.func_110536_a(SourceFile:51) ~[bqq.class:?]
	at net.minecraft.client.resources.SimpleReloadableResourceManager.func_110536_a(SourceFile:55) ~[brg.class:?]
	at net.minecraft.client.renderer.texture.TextureMap.func_110571_b(TextureMap.java:125) [bpz.class:?]
	at net.minecraft.client.renderer.texture.TextureMap.func_110551_a(TextureMap.java:90) [bpz.class:?]
	at net.minecraft.client.renderer.texture.TextureManager.func_110579_a(SourceFile:72) [bqf.class:?]
	at net.minecraft.client.renderer.texture.TextureManager.func_110549_a(SourceFile:136) [bqf.class:?]
	at net.minecraft.client.resources.SimpleReloadableResourceManager.func_110544_b(SourceFile:104) [brg.class:?]
	at net.minecraft.client.resources.SimpleReloadableResourceManager.func_110541_a(SourceFile:92) [brg.class:?]
	at net.minecraft.client.Minecraft.func_110436_a(Minecraft.java:598) [bao.class:?]
	at cpw.mods.fml.client.FMLClientHandler.finishMinecraftLoading(FMLClientHandler.java:303) [FMLClientHandler.class:?]
	at net.minecraft.client.Minecraft.func_71384_a(Minecraft.java:541) [bao.class:?]
	at net.minecraft.client.Minecraft.func_99999_d(Minecraft.java:867) [bao.class:?]
	at net.minecraft.client.main.Main.main(SourceFile:148) [Main.class:?]
	at sun.reflect.NativeMethodAccessorImpl.invoke0(Native Method) ~[?:1.7.0_60]
	at sun.reflect.NativeMethodAccessorImpl.invoke(Unknown Source) ~[?:1.7.0_60]
	at sun.reflect.DelegatingMethodAccessorImpl.invoke(Unknown Source) ~[?:1.7.0_60]
	at java.lang.reflect.Method.invoke(Unknown Source) ~[?:1.7.0_60]
	at net.minecraft.launchwrapper.Launch.launch(Launch.java:135) [launchwrapper-1.11.jar:?]
	at net.minecraft.launchwrapper.Launch.main(Launch.java:28) [launchwrapper-1.11.jar:?]
	at sun.reflect.NativeMethodAccessorImpl.invoke0(Native Method) ~[?:1.7.0_60]
	at sun.reflect.NativeMethodAccessorImpl.invoke(Unknown Source) ~[?:1.7.0_60]
	at sun.reflect.DelegatingMethodAccessorImpl.invoke(Unknown Source) ~[?:1.7.0_60]
	at java.lang.reflect.Method.invoke(Unknown Source) ~[?:1.7.0_60]
	at org.multimc.onesix.OneSixLauncher.launchWithMainClass(OneSixLauncher.java:286) [NewLaunch.jar:?]
	at org.multimc.onesix.OneSixLauncher.launch(OneSixLauncher.java:376) [NewLaunch.jar:?]
	at org.multimc.EntryPoint.listen(EntryPoint.java:165) [NewLaunch.jar:?]
	at org.multimc.EntryPoint.main(EntryPoint.java:54) [NewLaunch.jar:?]
[19:18:08] [Client thread/ERROR]: Using missing texture, unable to load minecraft:textures/blocks/MISSING_ICON_BLOCK_196_blockSpellModifier.png
java.io.FileNotFoundException: minecraft:textures/blocks/MISSING_ICON_BLOCK_196_blockSpellModifier.png
	at net.minecraft.client.resources.FallbackResourceManager.func_110536_a(SourceFile:51) ~[bqq.class:?]
	at net.minecraft.client.resources.SimpleReloadableResourceManager.func_110536_a(SourceFile:55) ~[brg.class:?]
	at net.minecraft.client.renderer.texture.TextureMap.func_110571_b(TextureMap.java:125) [bpz.class:?]
	at net.minecraft.client.renderer.texture.TextureMap.func_110551_a(TextureMap.java:90) [bpz.class:?]
	at net.minecraft.client.renderer.texture.TextureManager.func_110579_a(SourceFile:72) [bqf.class:?]
	at net.minecraft.client.renderer.texture.TextureManager.func_110549_a(SourceFile:136) [bqf.class:?]
	at net.minecraft.client.resources.SimpleReloadableResourceManager.func_110544_b(SourceFile:104) [brg.class:?]
	at net.minecraft.client.resources.SimpleReloadableResourceManager.func_110541_a(SourceFile:92) [brg.class:?]
	at net.minecraft.client.Minecraft.func_110436_a(Minecraft.java:598) [bao.class:?]
	at cpw.mods.fml.client.FMLClientHandler.finishMinecraftLoading(FMLClientHandler.java:303) [FMLClientHandler.class:?]
	at net.minecraft.client.Minecraft.func_71384_a(Minecraft.java:541) [bao.class:?]
	at net.minecraft.client.Minecraft.func_99999_d(Minecraft.java:867) [bao.class:?]
	at net.minecraft.client.main.Main.main(SourceFile:148) [Main.class:?]
	at sun.reflect.NativeMethodAccessorImpl.invoke0(Native Method) ~[?:1.7.0_60]
	at sun.reflect.NativeMethodAccessorImpl.invoke(Unknown Source) ~[?:1.7.0_60]
	at sun.reflect.DelegatingMethodAccessorImpl.invoke(Unknown Source) ~[?:1.7.0_60]
	at java.lang.reflect.Method.invoke(Unknown Source) ~[?:1.7.0_60]
	at net.minecraft.launchwrapper.Launch.launch(Launch.java:135) [launchwrapper-1.11.jar:?]
	at net.minecraft.launchwrapper.Launch.main(Launch.java:28) [launchwrapper-1.11.jar:?]
	at sun.reflect.NativeMethodAccessorImpl.invoke0(Native Method) ~[?:1.7.0_60]
	at sun.reflect.NativeMethodAccessorImpl.invoke(Unknown Source) ~[?:1.7.0_60]
	at sun.reflect.DelegatingMethodAccessorImpl.invoke(Unknown Source) ~[?:1.7.0_60]
	at java.lang.reflect.Method.invoke(Unknown Source) ~[?:1.7.0_60]
	at org.multimc.onesix.OneSixLauncher.launchWithMainClass(OneSixLauncher.java:286) [NewLaunch.jar:?]
	at org.multimc.onesix.OneSixLauncher.launch(OneSixLauncher.java:376) [NewLaunch.jar:?]
	at org.multimc.EntryPoint.listen(EntryPoint.java:165) [NewLaunch.jar:?]
	at org.multimc.EntryPoint.main(EntryPoint.java:54) [NewLaunch.jar:?]
[19:18:08] [Client thread/ERROR]: Using missing texture, unable to load minecraft:textures/blocks/MISSING_ICON_BLOCK_194_blockSpellParadigm.png
java.io.FileNotFoundException: minecraft:textures/blocks/MISSING_ICON_BLOCK_194_blockSpellParadigm.png
	at net.minecraft.client.resources.FallbackResourceManager.func_110536_a(SourceFile:51) ~[bqq.class:?]
	at net.minecraft.client.resources.SimpleReloadableResourceManager.func_110536_a(SourceFile:55) ~[brg.class:?]
	at net.minecraft.client.renderer.texture.TextureMap.func_110571_b(TextureMap.java:125) [bpz.class:?]
	at net.minecraft.client.renderer.texture.TextureMap.func_110551_a(TextureMap.java:90) [bpz.class:?]
	at net.minecraft.client.renderer.texture.TextureManager.func_110579_a(SourceFile:72) [bqf.class:?]
	at net.minecraft.client.renderer.texture.TextureManager.func_110549_a(SourceFile:136) [bqf.class:?]
	at net.minecraft.client.resources.SimpleReloadableResourceManager.func_110544_b(SourceFile:104) [brg.class:?]
	at net.minecraft.client.resources.SimpleReloadableResourceManager.func_110541_a(SourceFile:92) [brg.class:?]
	at net.minecraft.client.Minecraft.func_110436_a(Minecraft.java:598) [bao.class:?]
	at cpw.mods.fml.client.FMLClientHandler.finishMinecraftLoading(FMLClientHandler.java:303) [FMLClientHandler.class:?]
	at net.minecraft.client.Minecraft.func_71384_a(Minecraft.java:541) [bao.class:?]
	at net.minecraft.client.Minecraft.func_99999_d(Minecraft.java:867) [bao.class:?]
	at net.minecraft.client.main.Main.main(SourceFile:148) [Main.class:?]
	at sun.reflect.NativeMethodAccessorImpl.invoke0(Native Method) ~[?:1.7.0_60]
	at sun.reflect.NativeMethodAccessorImpl.invoke(Unknown Source) ~[?:1.7.0_60]
	at sun.reflect.DelegatingMethodAccessorImpl.invoke(Unknown Source) ~[?:1.7.0_60]
	at java.lang.reflect.Method.invoke(Unknown Source) ~[?:1.7.0_60]
	at net.minecraft.launchwrapper.Launch.launch(Launch.java:135) [launchwrapper-1.11.jar:?]
	at net.minecraft.launchwrapper.Launch.main(Launch.java:28) [launchwrapper-1.11.jar:?]
	at sun.reflect.NativeMethodAccessorImpl.invoke0(Native Method) ~[?:1.7.0_60]
	at sun.reflect.NativeMethodAccessorImpl.invoke(Unknown Source) ~[?:1.7.0_60]
	at sun.reflect.DelegatingMethodAccessorImpl.invoke(Unknown Source) ~[?:1.7.0_60]
	at java.lang.reflect.Method.invoke(Unknown Source) ~[?:1.7.0_60]
	at org.multimc.onesix.OneSixLauncher.launchWithMainClass(OneSixLauncher.java:286) [NewLaunch.jar:?]
	at org.multimc.onesix.OneSixLauncher.launch(OneSixLauncher.java:376) [NewLaunch.jar:?]
	at org.multimc.EntryPoint.listen(EntryPoint.java:165) [NewLaunch.jar:?]
	at org.multimc.EntryPoint.main(EntryPoint.java:54) [NewLaunch.jar:?]
[19:18:08] [Client thread/ERROR]: Using missing texture, unable to load minecraft:textures/blocks/MISSING_ICON_BLOCK_199_demonPortal.png
java.io.FileNotFoundException: minecraft:textures/blocks/MISSING_ICON_BLOCK_199_demonPortal.png
	at net.minecraft.client.resources.FallbackResourceManager.func_110536_a(SourceFile:51) ~[bqq.class:?]
	at net.minecraft.client.resources.SimpleReloadableResourceManager.func_110536_a(SourceFile:55) ~[brg.class:?]
	at net.minecraft.client.renderer.texture.TextureMap.func_110571_b(TextureMap.java:125) [bpz.class:?]
	at net.minecraft.client.renderer.texture.TextureMap.func_110551_a(TextureMap.java:90) [bpz.class:?]
	at net.minecraft.client.renderer.texture.TextureManager.func_110579_a(SourceFile:72) [bqf.class:?]
	at net.minecraft.client.renderer.texture.TextureManager.func_110549_a(SourceFile:136) [bqf.class:?]
	at net.minecraft.client.resources.SimpleReloadableResourceManager.func_110544_b(SourceFile:104) [brg.class:?]
	at net.minecraft.client.resources.SimpleReloadableResourceManager.func_110541_a(SourceFile:92) [brg.class:?]
	at net.minecraft.client.Minecraft.func_110436_a(Minecraft.java:598) [bao.class:?]
	at cpw.mods.fml.client.FMLClientHandler.finishMinecraftLoading(FMLClientHandler.java:303) [FMLClientHandler.class:?]
	at net.minecraft.client.Minecraft.func_71384_a(Minecraft.java:541) [bao.class:?]
	at net.minecraft.client.Minecraft.func_99999_d(Minecraft.java:867) [bao.class:?]
	at net.minecraft.client.main.Main.main(SourceFile:148) [Main.class:?]
	at sun.reflect.NativeMethodAccessorImpl.invoke0(Native Method) ~[?:1.7.0_60]
	at sun.reflect.NativeMethodAccessorImpl.invoke(Unknown Source) ~[?:1.7.0_60]
	at sun.reflect.DelegatingMethodAccessorImpl.invoke(Unknown Source) ~[?:1.7.0_60]
	at java.lang.reflect.Method.invoke(Unknown Source) ~[?:1.7.0_60]
	at net.minecraft.launchwrapper.Launch.launch(Launch.java:135) [launchwrapper-1.11.jar:?]
	at net.minecraft.launchwrapper.Launch.main(Launch.java:28) [launchwrapper-1.11.jar:?]
	at sun.reflect.NativeMethodAccessorImpl.invoke0(Native Method) ~[?:1.7.0_60]
	at sun.reflect.NativeMethodAccessorImpl.invoke(Unknown Source) ~[?:1.7.0_60]
	at sun.reflect.DelegatingMethodAccessorImpl.invoke(Unknown Source) ~[?:1.7.0_60]
	at java.lang.reflect.Method.invoke(Unknown Source) ~[?:1.7.0_60]
	at org.multimc.onesix.OneSixLauncher.launchWithMainClass(OneSixLauncher.java:286) [NewLaunch.jar:?]
	at org.multimc.onesix.OneSixLauncher.launch(OneSixLauncher.java:376) [NewLaunch.jar:?]
	at org.multimc.EntryPoint.listen(EntryPoint.java:165) [NewLaunch.jar:?]
	at org.multimc.EntryPoint.main(EntryPoint.java:54) [NewLaunch.jar:?]
[19:18:08] [Client thread/ERROR]: Using missing texture, unable to load oresplus:textures/blocks/machine_side.png
java.io.FileNotFoundException: oresplus:textures/blocks/machine_side.png
	at net.minecraft.client.resources.FallbackResourceManager.func_110536_a(SourceFile:51) ~[bqq.class:?]
	at net.minecraft.client.resources.SimpleReloadableResourceManager.func_110536_a(SourceFile:55) ~[brg.class:?]
	at net.minecraft.client.renderer.texture.TextureMap.func_110571_b(TextureMap.java:125) [bpz.class:?]
	at net.minecraft.client.renderer.texture.TextureMap.func_110551_a(TextureMap.java:90) [bpz.class:?]
	at net.minecraft.client.renderer.texture.TextureManager.func_110579_a(SourceFile:72) [bqf.class:?]
	at net.minecraft.client.renderer.texture.TextureManager.func_110549_a(SourceFile:136) [bqf.class:?]
	at net.minecraft.client.resources.SimpleReloadableResourceManager.func_110544_b(SourceFile:104) [brg.class:?]
	at net.minecraft.client.resources.SimpleReloadableResourceManager.func_110541_a(SourceFile:92) [brg.class:?]
	at net.minecraft.client.Minecraft.func_110436_a(Minecraft.java:598) [bao.class:?]
	at cpw.mods.fml.client.FMLClientHandler.finishMinecraftLoading(FMLClientHandler.java:303) [FMLClientHandler.class:?]
	at net.minecraft.client.Minecraft.func_71384_a(Minecraft.java:541) [bao.class:?]
	at net.minecraft.client.Minecraft.func_99999_d(Minecraft.java:867) [bao.class:?]
	at net.minecraft.client.main.Main.main(SourceFile:148) [Main.class:?]
	at sun.reflect.NativeMethodAccessorImpl.invoke0(Native Method) ~[?:1.7.0_60]
	at sun.reflect.NativeMethodAccessorImpl.invoke(Unknown Source) ~[?:1.7.0_60]
	at sun.reflect.DelegatingMethodAccessorImpl.invoke(Unknown Source) ~[?:1.7.0_60]
	at java.lang.reflect.Method.invoke(Unknown Source) ~[?:1.7.0_60]
	at net.minecraft.launchwrapper.Launch.launch(Launch.java:135) [launchwrapper-1.11.jar:?]
	at net.minecraft.launchwrapper.Launch.main(Launch.java:28) [launchwrapper-1.11.jar:?]
	at sun.reflect.NativeMethodAccessorImpl.invoke0(Native Method) ~[?:1.7.0_60]
	at sun.reflect.NativeMethodAccessorImpl.invoke(Unknown Source) ~[?:1.7.0_60]
	at sun.reflect.DelegatingMethodAccessorImpl.invoke(Unknown Source) ~[?:1.7.0_60]
	at java.lang.reflect.Method.invoke(Unknown Source) ~[?:1.7.0_60]
	at org.multimc.onesix.OneSixLauncher.launchWithMainClass(OneSixLauncher.java:286) [NewLaunch.jar:?]
	at org.multimc.onesix.OneSixLauncher.launch(OneSixLauncher.java:376) [NewLaunch.jar:?]
	at org.multimc.EntryPoint.listen(EntryPoint.java:165) [NewLaunch.jar:?]
	at org.multimc.EntryPoint.main(EntryPoint.java:54) [NewLaunch.jar:?]
[19:18:08] [Client thread/ERROR]: Using missing texture, unable to load minecraft:textures/blocks/MISSING_ICON_BLOCK_203_crystalBelljar.png
java.io.FileNotFoundException: minecraft:textures/blocks/MISSING_ICON_BLOCK_203_crystalBelljar.png
	at net.minecraft.client.resources.FallbackResourceManager.func_110536_a(SourceFile:51) ~[bqq.class:?]
	at net.minecraft.client.resources.SimpleReloadableResourceManager.func_110536_a(SourceFile:55) ~[brg.class:?]
	at net.minecraft.client.renderer.texture.TextureMap.func_110571_b(TextureMap.java:125) [bpz.class:?]
	at net.minecraft.client.renderer.texture.TextureMap.func_110551_a(TextureMap.java:90) [bpz.class:?]
	at net.minecraft.client.renderer.texture.TextureManager.func_110579_a(SourceFile:72) [bqf.class:?]
	at net.minecraft.client.renderer.texture.TextureManager.func_110549_a(SourceFile:136) [bqf.class:?]
	at net.minecraft.client.resources.SimpleReloadableResourceManager.func_110544_b(SourceFile:104) [brg.class:?]
	at net.minecraft.client.resources.SimpleReloadableResourceManager.func_110541_a(SourceFile:92) [brg.class:?]
	at net.minecraft.client.Minecraft.func_110436_a(Minecraft.java:598) [bao.class:?]
	at cpw.mods.fml.client.FMLClientHandler.finishMinecraftLoading(FMLClientHandler.java:303) [FMLClientHandler.class:?]
	at net.minecraft.client.Minecraft.func_71384_a(Minecraft.java:541) [bao.class:?]
	at net.minecraft.client.Minecraft.func_99999_d(Minecraft.java:867) [bao.class:?]
	at net.minecraft.client.main.Main.main(SourceFile:148) [Main.class:?]
	at sun.reflect.NativeMethodAccessorImpl.invoke0(Native Method) ~[?:1.7.0_60]
	at sun.reflect.NativeMethodAccessorImpl.invoke(Unknown Source) ~[?:1.7.0_60]
	at sun.reflect.DelegatingMethodAccessorImpl.invoke(Unknown Source) ~[?:1.7.0_60]
	at java.lang.reflect.Method.invoke(Unknown Source) ~[?:1.7.0_60]
	at net.minecraft.launchwrapper.Launch.launch(Launch.java:135) [launchwrapper-1.11.jar:?]
	at net.minecraft.launchwrapper.Launch.main(Launch.java:28) [launchwrapper-1.11.jar:?]
	at sun.reflect.NativeMethodAccessorImpl.invoke0(Native Method) ~[?:1.7.0_60]
	at sun.reflect.NativeMethodAccessorImpl.invoke(Unknown Source) ~[?:1.7.0_60]
	at sun.reflect.DelegatingMethodAccessorImpl.invoke(Unknown Source) ~[?:1.7.0_60]
	at java.lang.reflect.Method.invoke(Unknown Source) ~[?:1.7.0_60]
	at org.multimc.onesix.OneSixLauncher.launchWithMainClass(OneSixLauncher.java:286) [NewLaunch.jar:?]
	at org.multimc.onesix.OneSixLauncher.launch(OneSixLauncher.java:376) [NewLaunch.jar:?]
	at org.multimc.EntryPoint.listen(EntryPoint.java:165) [NewLaunch.jar:?]
	at org.multimc.EntryPoint.main(EntryPoint.java:54) [NewLaunch.jar:?]
[19:18:08] [Client thread/ERROR]: Using missing texture, unable to load minecraft:textures/blocks/MISSING_ICON_BLOCK_195_blockSpellEnhancement.png
java.io.FileNotFoundException: minecraft:textures/blocks/MISSING_ICON_BLOCK_195_blockSpellEnhancement.png
	at net.minecraft.client.resources.FallbackResourceManager.func_110536_a(SourceFile:51) ~[bqq.class:?]
	at net.minecraft.client.resources.SimpleReloadableResourceManager.func_110536_a(SourceFile:55) ~[brg.class:?]
	at net.minecraft.client.renderer.texture.TextureMap.func_110571_b(TextureMap.java:125) [bpz.class:?]
	at net.minecraft.client.renderer.texture.TextureMap.func_110551_a(TextureMap.java:90) [bpz.class:?]
	at net.minecraft.client.renderer.texture.TextureManager.func_110579_a(SourceFile:72) [bqf.class:?]
	at net.minecraft.client.renderer.texture.TextureManager.func_110549_a(SourceFile:136) [bqf.class:?]
	at net.minecraft.client.resources.SimpleReloadableResourceManager.func_110544_b(SourceFile:104) [brg.class:?]
	at net.minecraft.client.resources.SimpleReloadableResourceManager.func_110541_a(SourceFile:92) [brg.class:?]
	at net.minecraft.client.Minecraft.func_110436_a(Minecraft.java:598) [bao.class:?]
	at cpw.mods.fml.client.FMLClientHandler.finishMinecraftLoading(FMLClientHandler.java:303) [FMLClientHandler.class:?]
	at net.minecraft.client.Minecraft.func_71384_a(Minecraft.java:541) [bao.class:?]
	at net.minecraft.client.Minecraft.func_99999_d(Minecraft.java:867) [bao.class:?]
	at net.minecraft.client.main.Main.main(SourceFile:148) [Main.class:?]
	at sun.reflect.NativeMethodAccessorImpl.invoke0(Native Method) ~[?:1.7.0_60]
	at sun.reflect.NativeMethodAccessorImpl.invoke(Unknown Source) ~[?:1.7.0_60]
	at sun.reflect.DelegatingMethodAccessorImpl.invoke(Unknown Source) ~[?:1.7.0_60]
	at java.lang.reflect.Method.invoke(Unknown Source) ~[?:1.7.0_60]
	at net.minecraft.launchwrapper.Launch.launch(Launch.java:135) [launchwrapper-1.11.jar:?]
	at net.minecraft.launchwrapper.Launch.main(Launch.java:28) [launchwrapper-1.11.jar:?]
	at sun.reflect.NativeMethodAccessorImpl.invoke0(Native Method) ~[?:1.7.0_60]
	at sun.reflect.NativeMethodAccessorImpl.invoke(Unknown Source) ~[?:1.7.0_60]
	at sun.reflect.DelegatingMethodAccessorImpl.invoke(Unknown Source) ~[?:1.7.0_60]
	at java.lang.reflect.Method.invoke(Unknown Source) ~[?:1.7.0_60]
	at org.multimc.onesix.OneSixLauncher.launchWithMainClass(OneSixLauncher.java:286) [NewLaunch.jar:?]
	at org.multimc.onesix.OneSixLauncher.launch(OneSixLauncher.java:376) [NewLaunch.jar:?]
	at org.multimc.EntryPoint.listen(EntryPoint.java:165) [NewLaunch.jar:?]
	at org.multimc.EntryPoint.main(EntryPoint.java:54) [NewLaunch.jar:?]
[19:18:08] [Client thread/ERROR]: Unable to parse metadata from sanguimancy:textures/blocks/AltarDiviner.png
java.lang.RuntimeException: broken aspect ratio and not an animation
	at net.minecraft.client.renderer.texture.TextureAtlasSprite.func_147964_a(TextureAtlasSprite.java:215) ~[bqd.class:?]
	at net.minecraft.client.renderer.texture.TextureMap.func_110571_b(TextureMap.java:169) [bpz.class:?]
	at net.minecraft.client.renderer.texture.TextureMap.func_110551_a(TextureMap.java:90) [bpz.class:?]
	at net.minecraft.client.renderer.texture.TextureManager.func_110579_a(SourceFile:72) [bqf.class:?]
	at net.minecraft.client.renderer.texture.TextureManager.func_110549_a(SourceFile:136) [bqf.class:?]
	at net.minecraft.client.resources.SimpleReloadableResourceManager.func_110544_b(SourceFile:104) [brg.class:?]
	at net.minecraft.client.resources.SimpleReloadableResourceManager.func_110541_a(SourceFile:92) [brg.class:?]
	at net.minecraft.client.Minecraft.func_110436_a(Minecraft.java:598) [bao.class:?]
	at cpw.mods.fml.client.FMLClientHandler.finishMinecraftLoading(FMLClientHandler.java:303) [FMLClientHandler.class:?]
	at net.minecraft.client.Minecraft.func_71384_a(Minecraft.java:541) [bao.class:?]
	at net.minecraft.client.Minecraft.func_99999_d(Minecraft.java:867) [bao.class:?]
	at net.minecraft.client.main.Main.main(SourceFile:148) [Main.class:?]
	at sun.reflect.NativeMethodAccessorImpl.invoke0(Native Method) ~[?:1.7.0_60]
	at sun.reflect.NativeMethodAccessorImpl.invoke(Unknown Source) ~[?:1.7.0_60]
	at sun.reflect.DelegatingMethodAccessorImpl.invoke(Unknown Source) ~[?:1.7.0_60]
	at java.lang.reflect.Method.invoke(Unknown Source) ~[?:1.7.0_60]
	at net.minecraft.launchwrapper.Launch.launch(Launch.java:135) [launchwrapper-1.11.jar:?]
	at net.minecraft.launchwrapper.Launch.main(Launch.java:28) [launchwrapper-1.11.jar:?]
	at sun.reflect.NativeMethodAccessorImpl.invoke0(Native Method) ~[?:1.7.0_60]
	at sun.reflect.NativeMethodAccessorImpl.invoke(Unknown Source) ~[?:1.7.0_60]
	at sun.reflect.DelegatingMethodAccessorImpl.invoke(Unknown Source) ~[?:1.7.0_60]
	at java.lang.reflect.Method.invoke(Unknown Source) ~[?:1.7.0_60]
	at org.multimc.onesix.OneSixLauncher.launchWithMainClass(OneSixLauncher.java:286) [NewLaunch.jar:?]
	at org.multimc.onesix.OneSixLauncher.launch(OneSixLauncher.java:376) [NewLaunch.jar:?]
	at org.multimc.EntryPoint.listen(EntryPoint.java:165) [NewLaunch.jar:?]
	at org.multimc.EntryPoint.main(EntryPoint.java:54) [NewLaunch.jar:?]
[19:18:10] [Client thread/INFO]: Created: 1024x1024 textures/blocks-atlas
[19:18:11] [Sound Library Loader/INFO]: Sound engine started
[19:18:18] [Client thread/INFO]: Stopping!
